GROUP,PACKAGE,CLASS,INSTRUCTION_MISSED,INSTRUCTION_COVERED,BRANCH_MISSED,BRANCH_COVERED,LINE_MISSED,LINE_COVERED,COMPLEXITY_MISSED,COMPLEXITY_COVERED,METHOD_MISSED,METHOD_COVERED
java-assignment-02,edu.knoldus.ClassActions,Students,195,49,1,3,27,13,2,6,1,5
java-assignment-02,edu.knoldus.ClassActions,ClassRooms,0,9,0,0,0,4,0,1,0,1
java-assignment-02,edu.knoldus.TwitterApi,TwitterOperations,27,0,0,0,8,0,1,0,1,0
java-assignment-02,edu.knoldus.TwitterApi,TwitterImplementation,122,0,0,0,21,0,7,0,7,0
java-assignment-02,edu.knoldus.TwitterApi,TwitterApplication,218,0,0,0,54,0,16,0,16,0
